# JRE version: Java(TM) SE Runtime Environment (8.0_181-b13) (build 1.8.0_181-b13)
# Java VM: Java HotSpot(TM) 64-Bit Server VM (25.181-b13 mixed mode bsd-amd64 compressed oops)
Heap:
 PSYoungGen      total 188928K, used 143197K [0x0000000795580000, 0x00000007a1b80000, 0x00000007c0000000)
  eden space 178176K, 75% used [0x0000000795580000,0x000000079d899e18,0x00000007a0380000)
  from space 10752K, 83% used [0x00000007a0f80000,0x00000007a183d690,0x00000007a1a00000)
  to   space 12288K, 0% used [0x00000007a0380000,0x00000007a0380000,0x00000007a0f80000)
 ParOldGen       total 67072K, used 11271K [0x0000000740000000, 0x0000000744180000, 0x0000000795580000)
  object space 67072K, 16% used [0x0000000740000000,0x0000000740b01e00,0x0000000744180000)
 Metaspace       used 24773K, capacity 26020K, committed 26240K, reserved 1071104K
  class space    used 3372K, capacity 3637K, committed 3712K, reserved 1048576K
GC Heap History (10 events):
Event: 9.825 GC heap before
{Heap before GC invocations=5 (full 1):
 PSYoungGen      total 38400K, used 36752K [0x0000000795580000, 0x0000000798f00000, 0x00000007c0000000)
  eden space 33280K, 99% used [0x0000000795580000,0x00000007975fddf8,0x0000000797600000)
  from space 5120K, 67% used [0x0000000797600000,0x0000000797966378,0x0000000797b00000)
  to   space 5120K, 0% used [0x0000000798a00000,0x0000000798a00000,0x0000000798f00000)
 ParOldGen       total 67072K, used 9190K [0x0000000740000000, 0x0000000744180000, 0x0000000795580000)
  object space 67072K, 13% used [0x0000000740000000,0x00000007408f9930,0x0000000744180000)
 Metaspace       used 22788K, capacity 23918K, committed 24064K, reserved 1069056K
  class space    used 3225K, capacity 3484K, committed 3584K, reserved 1048576K
Event: 9.829 GC heap after
Heap after GC invocations=5 (full 1):
 PSYoungGen      total 53760K, used 2233K [0x0000000795580000, 0x0000000799c80000, 0x00000007c0000000)
  eden space 48640K, 0% used [0x0000000795580000,0x0000000795580000,0x0000000798500000)
  from space 5120K, 43% used [0x0000000798a00000,0x0000000798c2e658,0x0000000798f00000)
  to   space 5120K, 0% used [0x0000000798500000,0x0000000798500000,0x0000000798a00000)
 ParOldGen       total 67072K, used 9198K [0x0000000740000000, 0x0000000744180000, 0x0000000795580000)
  object space 67072K, 13% used [0x0000000740000000,0x00000007408fb930,0x0000000744180000)
 Metaspace       used 22788K, capacity 23918K, committed 24064K, reserved 1069056K
  class space    used 3225K, capacity 3484K, committed 3584K, reserved 1048576K
}
Event: 9.862 GC heap before
{Heap before GC invocations=6 (full 1):
 PSYoungGen      total 53760K, used 50869K [0x0000000795580000, 0x0000000799c80000, 0x00000007c0000000)
  eden space 48640K, 99% used [0x0000000795580000,0x00000007984ff028,0x0000000798500000)
  from space 5120K, 43% used [0x0000000798a00000,0x0000000798c2e658,0x0000000798f00000)
  to   space 5120K, 0% used [0x0000000798500000,0x0000000798500000,0x0000000798a00000)
 ParOldGen       total 67072K, used 9198K [0x0000000740000000, 0x0000000744180000, 0x0000000795580000)
  object space 67072K, 13% used [0x0000000740000000,0x00000007408fb930,0x0000000744180000)
 Metaspace       used 22788K, capacity 23918K, committed 24064K, reserved 1069056K
  class space    used 3225K, capacity 3484K, committed 3584K, reserved 1048576K
Event: 9.867 GC heap after
Heap after GC invocations=6 (full 1):
 PSYoungGen      total 53760K, used 2333K [0x0000000795580000, 0x000000079c700000, 0x00000007c0000000)
  eden space 48640K, 0% used [0x0000000795580000,0x0000000795580000,0x0000000798500000)
  from space 5120K, 45% used [0x0000000798500000,0x00000007987475b8,0x0000000798a00000)
  to   space 11776K, 0% used [0x000000079bb80000,0x000000079bb80000,0x000000079c700000)
 ParOldGen       total 67072K, used 9206K [0x0000000740000000, 0x0000000744180000, 0x0000000795580000)
  object space 67072K, 13% used [0x0000000740000000,0x00000007408fd930,0x0000000744180000)
 Metaspace       used 22788K, capacity 23918K, committed 24064K, reserved 1069056K
  class space    used 3225K, capacity 3484K, committed 3584K, reserved 1048576K
}
Event: 9.890 GC heap before
{Heap before GC invocations=7 (full 1):
 PSYoungGen      total 53760K, used 50885K [0x0000000795580000, 0x000000079c700000, 0x00000007c0000000)
  eden space 48640K, 99% used [0x0000000795580000,0x00000007984e9ff8,0x0000000798500000)
  from space 5120K, 45% used [0x0000000798500000,0x00000007987475b8,0x0000000798a00000)
  to   space 11776K, 0% used [0x000000079bb80000,0x000000079bb80000,0x000000079c700000)
 ParOldGen       total 67072K, used 9206K [0x0000000740000000, 0x0000000744180000, 0x0000000795580000)
  object space 67072K, 13% used [0x0000000740000000,0x00000007408fd930,0x0000000744180000)
 Metaspace       used 22791K, capacity 23918K, committed 24064K, reserved 1069056K
  class space    used 3225K, capacity 3484K, committed 3584K, reserved 1048576K
Event: 9.895 GC heap after
Heap after GC invocations=7 (full 1):
 PSYoungGen      total 104960K, used 2376K [0x0000000795580000, 0x000000079c780000, 0x00000007c0000000)
  eden space 93184K, 0% used [0x0000000795580000,0x0000000795580000,0x000000079b080000)
  from space 11776K, 20% used [0x000000079bb80000,0x000000079bdd20d0,0x000000079c700000)
  to   space 11264K, 0% used [0x000000079b080000,0x000000079b080000,0x000000079bb80000)
 ParOldGen       total 67072K, used 9206K [0x0000000740000000, 0x0000000744180000, 0x0000000795580000)
  object space 67072K, 13% used [0x0000000740000000,0x00000007408fd930,0x0000000744180000)
 Metaspace       used 22791K, capacity 23918K, committed 24064K, reserved 1069056K
  class space    used 3225K, capacity 3484K, committed 3584K, reserved 1048576K
}
Event: 9.956 GC heap before
{Heap before GC invocations=8 (full 1):
 PSYoungGen      total 104960K, used 95473K [0x0000000795580000, 0x000000079c780000, 0x00000007c0000000)
  eden space 93184K, 99% used [0x0000000795580000,0x000000079b06a650,0x000000079b080000)
  from space 11776K, 20% used [0x000000079bb80000,0x000000079bdd20d0,0x000000079c700000)
  to   space 11264K, 0% used [0x000000079b080000,0x000000079b080000,0x000000079bb80000)
 ParOldGen       total 67072K, used 9206K [0x0000000740000000, 0x0000000744180000, 0x0000000795580000)
  object space 67072K, 13% used [0x0000000740000000,0x00000007408fd930,0x0000000744180000)
 Metaspace       used 22791K, capacity 23918K, committed 24064K, reserved 1069056K
  class space    used 3225K, capacity 3484K, committed 3584K, reserved 1048576K
Event: 9.961 GC heap after
Heap after GC invocations=8 (full 1):
 PSYoungGen      total 104448K, used 2399K [0x0000000795580000, 0x00000007a1a00000, 0x00000007c0000000)
  eden space 93184K, 0% used [0x0000000795580000,0x0000000795580000,0x000000079b080000)
  from space 11264K, 21% used [0x000000079b080000,0x000000079b2d7ef0,0x000000079bb80000)
  to   space 10752K, 0% used [0x00000007a0f80000,0x00000007a0f80000,0x00000007a1a00000)
 ParOldGen       total 67072K, used 9214K [0x0000000740000000, 0x0000000744180000, 0x0000000795580000)
  object space 67072K, 13% used [0x0000000740000000,0x00000007408ff930,0x0000000744180000)
 Metaspace       used 22791K, capacity 23918K, committed 24064K, reserved 1069056K
  class space    used 3225K, capacity 3484K, committed 3584K, reserved 1048576K
}
Event: 11.660 GC heap before
{Heap before GC invocations=9 (full 1):
 PSYoungGen      total 104448K, used 95583K [0x0000000795580000, 0x00000007a1a00000, 0x00000007c0000000)
  eden space 93184K, 100% used [0x0000000795580000,0x000000079b080000,0x000000079b080000)
  from space 11264K, 21% used [0x000000079b080000,0x000000079b2d7ef0,0x000000079bb80000)
  to   space 10752K, 0% used [0x00000007a0f80000,0x00000007a0f80000,0x00000007a1a00000)
 ParOldGen       total 67072K, used 9214K [0x0000000740000000, 0x0000000744180000, 0x0000000795580000)
  object space 67072K, 13% used [0x0000000740000000,0x00000007408ff930,0x0000000744180000)
 Metaspace       used 23907K, capacity 25116K, committed 25216K, reserved 1071104K
  class space    used 3336K, capacity 3613K, committed 3712K, reserved 1048576K
Event: 11.680 GC heap after
Heap after GC invocations=9 (full 1):
 PSYoungGen      total 188928K, used 8949K [0x0000000795580000, 0x00000007a1b80000, 0x00000007c0000000)
  eden space 178176K, 0% used [0x0000000795580000,0x0000000795580000,0x00000007a0380000)
  from space 10752K, 83% used [0x00000007a0f80000,0x00000007a183d690,0x00000007a1a00000)
  to   space 12288K, 0% used [0x00000007a0380000,0x00000007a0380000,0x00000007a0f80000)
 ParOldGen       total 67072K, used 11271K [0x0000000740000000, 0x0000000744180000, 0x0000000795580000)
  object space 67072K, 16% used [0x0000000740000000,0x0000000740b01e00,0x0000000744180000)
 Metaspace       used 23907K, capacity 25116K, committed 25216K, reserved 1071104K
  class space    used 3336K, capacity 3613K, committed 3712K, reserved 1048576K
}

